  Comet.cpp
C:\Users\Vladislav Ostrikov\Desktop\Folders\College\Winter 2020\COMP 397\Project\ProggRs-2d-Shooter-game-project\src\Comet.cpp(10,15): warning C4244: 'argument': conversion from 'T' to 'int', possible loss of data
          with
          [
              T=float
          ]
C:\Users\Vladislav Ostrikov\Desktop\Folders\College\Winter 2020\COMP 397\Project\ProggRs-2d-Shooter-game-project\src\Comet.cpp(11,16): warning C4244: 'argument': conversion from 'T' to 'int', possible loss of data
          with
          [
              T=float
          ]
C:\Users\Vladislav Ostrikov\Desktop\Folders\College\Winter 2020\COMP 397\Project\ProggRs-2d-Shooter-game-project\src\Comet.cpp(25,17): warning C4244: 'initializing': conversion from 'T' to 'int', possible loss of data
          with
          [
              T=float
          ]
C:\Users\Vladislav Ostrikov\Desktop\Folders\College\Winter 2020\COMP 397\Project\ProggRs-2d-Shooter-game-project\src\Comet.cpp(26,17): warning C4244: 'initializing': conversion from 'T' to 'int', possible loss of data
          with
          [
              T=float
          ]
  Template.vcxproj -> C:\Users\Vladislav Ostrikov\Desktop\Folders\College\Winter 2020\COMP 397\Project\ProggRs-2d-Shooter-game-project\bin\Debug\Template.exe
